ARM GAS  C:\Users\Rusla\AppData\Local\Temp\ccqtJMBh.s 			page 1


   1              		.cpu cortex-m4
   2              		.arch armv7e-m
   3              		.fpu fpv4-sp-d16
   4              		.eabi_attribute 27, 1
   5              		.eabi_attribute 28, 1
   6              		.eabi_attribute 20, 1
   7              		.eabi_attribute 21, 1
   8              		.eabi_attribute 23, 3
   9              		.eabi_attribute 24, 1
  10              		.eabi_attribute 25, 1
  11              		.eabi_attribute 26, 1
  12              		.eabi_attribute 30, 1
  13              		.eabi_attribute 34, 1
  14              		.eabi_attribute 18, 4
  15              		.file	"it_handlers.c"
  16              		.text
  17              	.Ltext0:
  18              		.cfi_sections	.debug_frame
  19              		.file 1 "Core/Scr/it_handlers.c"
  20              		.section	.text.EXTI0_IRQHandler,"ax",%progbits
  21              		.align	1
  22              		.global	EXTI0_IRQHandler
  23              		.syntax unified
  24              		.thumb
  25              		.thumb_func
  27              	EXTI0_IRQHandler:
  28              	.LFB130:
   1:Core/Scr/it_handlers.c **** #include "it_handlers.h"
   2:Core/Scr/it_handlers.c **** 
   3:Core/Scr/it_handlers.c **** volatile uint32_t MSTicks = 0;
   4:Core/Scr/it_handlers.c **** volatile uint8_t CurLEDI = 0;
   5:Core/Scr/it_handlers.c **** volatile uint8_t SpeedI = 0;
   6:Core/Scr/it_handlers.c **** volatile uint8_t Running = 0;
   7:Core/Scr/it_handlers.c **** volatile uint32_t DebugCounter = 0;
   8:Core/Scr/it_handlers.c **** 
   9:Core/Scr/it_handlers.c **** static volatile uint8_t g_btnDebounceActive = 0;
  10:Core/Scr/it_handlers.c **** static volatile uint32_t g_btnDebounceDeadline = 0;
  11:Core/Scr/it_handlers.c **** 
  12:Core/Scr/it_handlers.c **** void EXTI0_IRQHandler(void) 
  13:Core/Scr/it_handlers.c **** {
  29              		.loc 1 13 1 view -0
  30              		.cfi_startproc
  31              		@ args = 0, pretend = 0, frame = 0
  32              		@ frame_needed = 0, uses_anonymous_args = 0
  33              		@ link register save eliminated.
  14:Core/Scr/it_handlers.c ****     if (EXTI->PR & EXTI_PR_PR0) 
  34              		.loc 1 14 5 view .LVU1
  35              		.loc 1 14 13 is_stmt 0 view .LVU2
  36 0000 0B4B     		ldr	r3, .L3
  37 0002 5B69     		ldr	r3, [r3, #20]
  38              		.loc 1 14 8 view .LVU3
  39 0004 13F0010F 		tst	r3, #1
  40 0008 11D0     		beq	.L1
  15:Core/Scr/it_handlers.c ****     {
  16:Core/Scr/it_handlers.c ****         EXTI->PR = EXTI_PR_PR0;
  41              		.loc 1 16 9 is_stmt 1 view .LVU4
  42              		.loc 1 16 18 is_stmt 0 view .LVU5
ARM GAS  C:\Users\Rusla\AppData\Local\Temp\ccqtJMBh.s 			page 2


  43 000a 094B     		ldr	r3, .L3
  44 000c 0122     		movs	r2, #1
  45 000e 5A61     		str	r2, [r3, #20]
  17:Core/Scr/it_handlers.c ****         
  18:Core/Scr/it_handlers.c ****         if (!g_btnDebounceActive) 
  46              		.loc 1 18 9 is_stmt 1 view .LVU6
  47              		.loc 1 18 13 is_stmt 0 view .LVU7
  48 0010 084B     		ldr	r3, .L3+4
  49 0012 1B78     		ldrb	r3, [r3]	@ zero_extendqisi2
  50              		.loc 1 18 12 view .LVU8
  51 0014 5BB9     		cbnz	r3, .L1
  19:Core/Scr/it_handlers.c ****         {
  20:Core/Scr/it_handlers.c ****             g_btnDebounceActive = 1;
  52              		.loc 1 20 13 is_stmt 1 view .LVU9
  53              		.loc 1 20 33 is_stmt 0 view .LVU10
  54 0016 074B     		ldr	r3, .L3+4
  55 0018 1A70     		strb	r2, [r3]
  21:Core/Scr/it_handlers.c ****             g_btnDebounceDeadline = MSTicks + 20;
  56              		.loc 1 21 13 is_stmt 1 view .LVU11
  57              		.loc 1 21 45 is_stmt 0 view .LVU12
  58 001a 074B     		ldr	r3, .L3+8
  59 001c 1B68     		ldr	r3, [r3]
  60 001e 1433     		adds	r3, r3, #20
  61              		.loc 1 21 35 view .LVU13
  62 0020 064A     		ldr	r2, .L3+12
  63 0022 1360     		str	r3, [r2]
  22:Core/Scr/it_handlers.c ****             EXTI->IMR &= ~EXTI_IMR_MR0;
  64              		.loc 1 22 13 is_stmt 1 view .LVU14
  65              		.loc 1 22 17 is_stmt 0 view .LVU15
  66 0024 024A     		ldr	r2, .L3
  67 0026 1368     		ldr	r3, [r2]
  68              		.loc 1 22 23 view .LVU16
  69 0028 23F00103 		bic	r3, r3, #1
  70 002c 1360     		str	r3, [r2]
  71              	.L1:
  23:Core/Scr/it_handlers.c ****         }
  24:Core/Scr/it_handlers.c ****     }
  25:Core/Scr/it_handlers.c **** }
  72              		.loc 1 25 1 view .LVU17
  73 002e 7047     		bx	lr
  74              	.L4:
  75              		.align	2
  76              	.L3:
  77 0030 003C0140 		.word	1073822720
  78 0034 00000000 		.word	g_btnDebounceActive
  79 0038 00000000 		.word	MSTicks
  80 003c 00000000 		.word	g_btnDebounceDeadline
  81              		.cfi_endproc
  82              	.LFE130:
  84              		.section	.text.TIM2_IRQHandler,"ax",%progbits
  85              		.align	1
  86              		.global	TIM2_IRQHandler
  87              		.syntax unified
  88              		.thumb
  89              		.thumb_func
  91              	TIM2_IRQHandler:
  92              	.LFB131:
ARM GAS  C:\Users\Rusla\AppData\Local\Temp\ccqtJMBh.s 			page 3


  26:Core/Scr/it_handlers.c **** 
  27:Core/Scr/it_handlers.c **** void TIM2_IRQHandler(void) 
  28:Core/Scr/it_handlers.c **** {
  93              		.loc 1 28 1 is_stmt 1 view -0
  94              		.cfi_startproc
  95              		@ args = 0, pretend = 0, frame = 0
  96              		@ frame_needed = 0, uses_anonymous_args = 0
  97 0000 08B5     		push	{r3, lr}
  98              	.LCFI0:
  99              		.cfi_def_cfa_offset 8
 100              		.cfi_offset 3, -8
 101              		.cfi_offset 14, -4
  29:Core/Scr/it_handlers.c ****     if (TIM2->SR & TIM_SR_UIF) 
 102              		.loc 1 29 5 view .LVU19
 103              		.loc 1 29 13 is_stmt 0 view .LVU20
 104 0002 4FF08043 		mov	r3, #1073741824
 105 0006 1B69     		ldr	r3, [r3, #16]
 106              		.loc 1 29 8 view .LVU21
 107 0008 13F0010F 		tst	r3, #1
 108 000c 08D0     		beq	.L5
  30:Core/Scr/it_handlers.c ****     {
  31:Core/Scr/it_handlers.c ****         TIM2->SR &= ~TIM_SR_UIF;
 109              		.loc 1 31 9 is_stmt 1 view .LVU22
 110              		.loc 1 31 13 is_stmt 0 view .LVU23
 111 000e 4FF08042 		mov	r2, #1073741824
 112 0012 1369     		ldr	r3, [r2, #16]
 113              		.loc 1 31 18 view .LVU24
 114 0014 23F00103 		bic	r3, r3, #1
 115 0018 1361     		str	r3, [r2, #16]
  32:Core/Scr/it_handlers.c ****         
  33:Core/Scr/it_handlers.c ****         if (Running) 
 116              		.loc 1 33 9 is_stmt 1 view .LVU25
 117              		.loc 1 33 13 is_stmt 0 view .LVU26
 118 001a 0D4B     		ldr	r3, .L9
 119 001c 1B78     		ldrb	r3, [r3]	@ zero_extendqisi2
 120              		.loc 1 33 12 view .LVU27
 121 001e 03B9     		cbnz	r3, .L8
 122              	.L5:
  34:Core/Scr/it_handlers.c ****         {
  35:Core/Scr/it_handlers.c ****             OFF_LEDs();
  36:Core/Scr/it_handlers.c ****             DebugCounter++;
  37:Core/Scr/it_handlers.c ****             CurLEDI = (CurLEDI + 1) % 4;
  38:Core/Scr/it_handlers.c ****             LED_OnIndex(CurLEDI);
  39:Core/Scr/it_handlers.c ****         }
  40:Core/Scr/it_handlers.c ****     }
  41:Core/Scr/it_handlers.c **** }
 123              		.loc 1 41 1 view .LVU28
 124 0020 08BD     		pop	{r3, pc}
 125              	.L8:
  35:Core/Scr/it_handlers.c ****             DebugCounter++;
 126              		.loc 1 35 13 is_stmt 1 view .LVU29
 127 0022 FFF7FEFF 		bl	OFF_LEDs
 128              	.LVL0:
  36:Core/Scr/it_handlers.c ****             CurLEDI = (CurLEDI + 1) % 4;
 129              		.loc 1 36 13 view .LVU30
  36:Core/Scr/it_handlers.c ****             CurLEDI = (CurLEDI + 1) % 4;
 130              		.loc 1 36 25 is_stmt 0 view .LVU31
ARM GAS  C:\Users\Rusla\AppData\Local\Temp\ccqtJMBh.s 			page 4


 131 0026 0B4A     		ldr	r2, .L9+4
 132 0028 1368     		ldr	r3, [r2]
 133 002a 0133     		adds	r3, r3, #1
 134 002c 1360     		str	r3, [r2]
  37:Core/Scr/it_handlers.c ****             LED_OnIndex(CurLEDI);
 135              		.loc 1 37 13 is_stmt 1 view .LVU32
  37:Core/Scr/it_handlers.c ****             LED_OnIndex(CurLEDI);
 136              		.loc 1 37 32 is_stmt 0 view .LVU33
 137 002e 0A4A     		ldr	r2, .L9+8
 138 0030 1378     		ldrb	r3, [r2]	@ zero_extendqisi2
 139 0032 0133     		adds	r3, r3, #1
  37:Core/Scr/it_handlers.c ****             LED_OnIndex(CurLEDI);
 140              		.loc 1 37 37 view .LVU34
 141 0034 5942     		rsbs	r1, r3, #0
 142 0036 03F00303 		and	r3, r3, #3
 143 003a 01F00301 		and	r1, r1, #3
 144 003e 58BF     		it	pl
 145 0040 4B42     		rsbpl	r3, r1, #0
  37:Core/Scr/it_handlers.c ****             LED_OnIndex(CurLEDI);
 146              		.loc 1 37 21 view .LVU35
 147 0042 DBB2     		uxtb	r3, r3
 148 0044 1370     		strb	r3, [r2]
  38:Core/Scr/it_handlers.c ****         }
 149              		.loc 1 38 13 is_stmt 1 view .LVU36
 150 0046 1078     		ldrb	r0, [r2]	@ zero_extendqisi2
 151 0048 FFF7FEFF 		bl	LED_OnIndex
 152              	.LVL1:
 153              		.loc 1 41 1 is_stmt 0 view .LVU37
 154 004c E8E7     		b	.L5
 155              	.L10:
 156 004e 00BF     		.align	2
 157              	.L9:
 158 0050 00000000 		.word	Running
 159 0054 00000000 		.word	DebugCounter
 160 0058 00000000 		.word	CurLEDI
 161              		.cfi_endproc
 162              	.LFE131:
 164              		.section	.text.SysTick_Handler,"ax",%progbits
 165              		.align	1
 166              		.global	SysTick_Handler
 167              		.syntax unified
 168              		.thumb
 169              		.thumb_func
 171              	SysTick_Handler:
 172              	.LFB132:
  42:Core/Scr/it_handlers.c **** 
  43:Core/Scr/it_handlers.c **** void SysTick_Handler(void) 
  44:Core/Scr/it_handlers.c **** {
 173              		.loc 1 44 1 is_stmt 1 view -0
 174              		.cfi_startproc
 175              		@ args = 0, pretend = 0, frame = 0
 176              		@ frame_needed = 0, uses_anonymous_args = 0
  45:Core/Scr/it_handlers.c ****     MSTicks++;
 177              		.loc 1 45 5 view .LVU39
 178              		.loc 1 45 12 is_stmt 0 view .LVU40
 179 0000 264A     		ldr	r2, .L20
 180 0002 1368     		ldr	r3, [r2]
ARM GAS  C:\Users\Rusla\AppData\Local\Temp\ccqtJMBh.s 			page 5


 181 0004 0133     		adds	r3, r3, #1
 182 0006 1360     		str	r3, [r2]
  46:Core/Scr/it_handlers.c ****     
  47:Core/Scr/it_handlers.c ****     if (g_btnDebounceActive && (int32_t)(MSTicks - g_btnDebounceDeadline) >= 0) 
 183              		.loc 1 47 5 is_stmt 1 view .LVU41
 184              		.loc 1 47 9 is_stmt 0 view .LVU42
 185 0008 254B     		ldr	r3, .L20+4
 186 000a 1B78     		ldrb	r3, [r3]	@ zero_extendqisi2
 187              		.loc 1 47 8 view .LVU43
 188 000c 002B     		cmp	r3, #0
 189 000e 43D0     		beq	.L16
 190              		.loc 1 47 50 discriminator 1 view .LVU44
 191 0010 1368     		ldr	r3, [r2]
 192 0012 244A     		ldr	r2, .L20+8
 193 0014 1268     		ldr	r2, [r2]
 194 0016 9B1A     		subs	r3, r3, r2
 195              		.loc 1 47 29 discriminator 1 view .LVU45
 196 0018 002B     		cmp	r3, #0
 197 001a 3DDB     		blt	.L16
  48:Core/Scr/it_handlers.c ****     {
  49:Core/Scr/it_handlers.c ****         g_btnDebounceActive = 0;
 198              		.loc 1 49 9 is_stmt 1 view .LVU46
 199              		.loc 1 49 29 is_stmt 0 view .LVU47
 200 001c 204B     		ldr	r3, .L20+4
 201 001e 0022     		movs	r2, #0
 202 0020 1A70     		strb	r2, [r3]
  50:Core/Scr/it_handlers.c ****         
  51:Core/Scr/it_handlers.c ****         if (!(GPIOA->IDR & GPIO_IDR_ID0)) 
 203              		.loc 1 51 9 is_stmt 1 view .LVU48
 204              		.loc 1 51 20 is_stmt 0 view .LVU49
 205 0022 214B     		ldr	r3, .L20+12
 206 0024 1B69     		ldr	r3, [r3, #16]
 207              		.loc 1 51 12 view .LVU50
 208 0026 13F0010F 		tst	r3, #1
 209 002a 2FD1     		bne	.L17
  44:Core/Scr/it_handlers.c ****     MSTicks++;
 210              		.loc 1 44 1 view .LVU51
 211 002c 10B5     		push	{r4, lr}
 212              	.LCFI1:
 213              		.cfi_def_cfa_offset 8
 214              		.cfi_offset 4, -8
 215              		.cfi_offset 14, -4
  52:Core/Scr/it_handlers.c ****         {
  53:Core/Scr/it_handlers.c ****             if (!Running) 
 216              		.loc 1 53 13 is_stmt 1 view .LVU52
 217              		.loc 1 53 17 is_stmt 0 view .LVU53
 218 002e 1F4B     		ldr	r3, .L20+16
 219 0030 1B78     		ldrb	r3, [r3]	@ zero_extendqisi2
 220              		.loc 1 53 16 view .LVU54
 221 0032 DBB9     		cbnz	r3, .L14
  54:Core/Scr/it_handlers.c ****             {
  55:Core/Scr/it_handlers.c ****                 Running = 1;
 222              		.loc 1 55 17 is_stmt 1 view .LVU55
 223              		.loc 1 55 25 is_stmt 0 view .LVU56
 224 0034 1D4B     		ldr	r3, .L20+16
 225 0036 0122     		movs	r2, #1
 226 0038 1A70     		strb	r2, [r3]
ARM GAS  C:\Users\Rusla\AppData\Local\Temp\ccqtJMBh.s 			page 6


  56:Core/Scr/it_handlers.c ****                 CurLEDI = 0;
 227              		.loc 1 56 17 is_stmt 1 view .LVU57
 228              		.loc 1 56 25 is_stmt 0 view .LVU58
 229 003a 1D4C     		ldr	r4, .L20+20
 230 003c 0022     		movs	r2, #0
 231 003e 2270     		strb	r2, [r4]
  57:Core/Scr/it_handlers.c ****                 SpeedI = 0;
 232              		.loc 1 57 17 is_stmt 1 view .LVU59
 233              		.loc 1 57 24 is_stmt 0 view .LVU60
 234 0040 1C4B     		ldr	r3, .L20+24
 235 0042 1A70     		strb	r2, [r3]
  58:Core/Scr/it_handlers.c ****                 UpdFreqTIM2(SpeedI);
 236              		.loc 1 58 17 is_stmt 1 view .LVU61
 237 0044 1878     		ldrb	r0, [r3]	@ zero_extendqisi2
 238 0046 FFF7FEFF 		bl	UpdFreqTIM2
 239              	.LVL2:
  59:Core/Scr/it_handlers.c ****                 OFF_LEDs();
 240              		.loc 1 59 17 view .LVU62
 241 004a FFF7FEFF 		bl	OFF_LEDs
 242              	.LVL3:
  60:Core/Scr/it_handlers.c ****                 LED_OnIndex(CurLEDI);
 243              		.loc 1 60 17 view .LVU63
 244 004e 2078     		ldrb	r0, [r4]	@ zero_extendqisi2
 245 0050 FFF7FEFF 		bl	LED_OnIndex
 246              	.LVL4:
  61:Core/Scr/it_handlers.c ****                 TIM2->CR1 |= TIM_CR1_CEN;
 247              		.loc 1 61 17 view .LVU64
 248              		.loc 1 61 21 is_stmt 0 view .LVU65
 249 0054 4FF08042 		mov	r2, #1073741824
 250 0058 1368     		ldr	r3, [r2]
 251              		.loc 1 61 27 view .LVU66
 252 005a 43F00103 		orr	r3, r3, #1
 253 005e 1360     		str	r3, [r2]
 254              	.L13:
  62:Core/Scr/it_handlers.c ****             } 
  63:Core/Scr/it_handlers.c ****             else 
  64:Core/Scr/it_handlers.c ****             {
  65:Core/Scr/it_handlers.c ****                 SpeedI = (SpeedI + 1) % 4;
  66:Core/Scr/it_handlers.c ****                 UpdFreqTIM2(SpeedI);
  67:Core/Scr/it_handlers.c ****             }
  68:Core/Scr/it_handlers.c ****         }
  69:Core/Scr/it_handlers.c ****         
  70:Core/Scr/it_handlers.c ****         EXTI->IMR |= EXTI_IMR_MR0;
 255              		.loc 1 70 9 is_stmt 1 view .LVU67
 256              		.loc 1 70 13 is_stmt 0 view .LVU68
 257 0060 154A     		ldr	r2, .L20+28
 258 0062 1368     		ldr	r3, [r2]
 259              		.loc 1 70 19 view .LVU69
 260 0064 43F00103 		orr	r3, r3, #1
 261 0068 1360     		str	r3, [r2]
  71:Core/Scr/it_handlers.c ****     }
  72:Core/Scr/it_handlers.c **** }
 262              		.loc 1 72 1 view .LVU70
 263 006a 10BD     		pop	{r4, pc}
 264              	.L14:
  65:Core/Scr/it_handlers.c ****                 UpdFreqTIM2(SpeedI);
 265              		.loc 1 65 17 is_stmt 1 view .LVU71
ARM GAS  C:\Users\Rusla\AppData\Local\Temp\ccqtJMBh.s 			page 7


  65:Core/Scr/it_handlers.c ****                 UpdFreqTIM2(SpeedI);
 266              		.loc 1 65 34 is_stmt 0 view .LVU72
 267 006c 114A     		ldr	r2, .L20+24
 268 006e 1378     		ldrb	r3, [r2]	@ zero_extendqisi2
 269 0070 0133     		adds	r3, r3, #1
  65:Core/Scr/it_handlers.c ****                 UpdFreqTIM2(SpeedI);
 270              		.loc 1 65 39 view .LVU73
 271 0072 5942     		rsbs	r1, r3, #0
 272 0074 03F00303 		and	r3, r3, #3
 273 0078 01F00301 		and	r1, r1, #3
 274 007c 58BF     		it	pl
 275 007e 4B42     		rsbpl	r3, r1, #0
  65:Core/Scr/it_handlers.c ****                 UpdFreqTIM2(SpeedI);
 276              		.loc 1 65 24 view .LVU74
 277 0080 DBB2     		uxtb	r3, r3
 278 0082 1370     		strb	r3, [r2]
  66:Core/Scr/it_handlers.c ****             }
 279              		.loc 1 66 17 is_stmt 1 view .LVU75
 280 0084 1078     		ldrb	r0, [r2]	@ zero_extendqisi2
 281 0086 FFF7FEFF 		bl	UpdFreqTIM2
 282              	.LVL5:
 283 008a E9E7     		b	.L13
 284              	.L17:
 285              	.LCFI2:
 286              		.cfi_def_cfa_offset 0
 287              		.cfi_restore 4
 288              		.cfi_restore 14
  70:Core/Scr/it_handlers.c ****     }
 289              		.loc 1 70 9 view .LVU76
  70:Core/Scr/it_handlers.c ****     }
 290              		.loc 1 70 13 is_stmt 0 view .LVU77
 291 008c 0A4A     		ldr	r2, .L20+28
 292 008e 1368     		ldr	r3, [r2]
  70:Core/Scr/it_handlers.c ****     }
 293              		.loc 1 70 19 view .LVU78
 294 0090 43F00103 		orr	r3, r3, #1
 295 0094 1360     		str	r3, [r2]
 296 0096 7047     		bx	lr
 297              	.L16:
 298 0098 7047     		bx	lr
 299              	.L21:
 300 009a 00BF     		.align	2
 301              	.L20:
 302 009c 00000000 		.word	MSTicks
 303 00a0 00000000 		.word	g_btnDebounceActive
 304 00a4 00000000 		.word	g_btnDebounceDeadline
 305 00a8 00000240 		.word	1073872896
 306 00ac 00000000 		.word	Running
 307 00b0 00000000 		.word	CurLEDI
 308 00b4 00000000 		.word	SpeedI
 309 00b8 003C0140 		.word	1073822720
 310              		.cfi_endproc
 311              	.LFE132:
 313              		.section	.bss.g_btnDebounceDeadline,"aw",%nobits
 314              		.align	2
 317              	g_btnDebounceDeadline:
 318 0000 00000000 		.space	4
ARM GAS  C:\Users\Rusla\AppData\Local\Temp\ccqtJMBh.s 			page 8


 319              		.section	.bss.g_btnDebounceActive,"aw",%nobits
 322              	g_btnDebounceActive:
 323 0000 00       		.space	1
 324              		.global	DebugCounter
 325              		.section	.bss.DebugCounter,"aw",%nobits
 326              		.align	2
 329              	DebugCounter:
 330 0000 00000000 		.space	4
 331              		.global	Running
 332              		.section	.bss.Running,"aw",%nobits
 335              	Running:
 336 0000 00       		.space	1
 337              		.global	SpeedI
 338              		.section	.bss.SpeedI,"aw",%nobits
 341              	SpeedI:
 342 0000 00       		.space	1
 343              		.global	CurLEDI
 344              		.section	.bss.CurLEDI,"aw",%nobits
 347              	CurLEDI:
 348 0000 00       		.space	1
 349              		.global	MSTicks
 350              		.section	.bss.MSTicks,"aw",%nobits
 351              		.align	2
 354              	MSTicks:
 355 0000 00000000 		.space	4
 356              		.text
 357              	.Letext0:
 358              		.file 2 "C:/programms/Tools/xpack-arm-none-eabi-gcc-13.2.1-1.1/arm-none-eabi/include/machine/_defa
 359              		.file 3 "C:/programms/Tools/xpack-arm-none-eabi-gcc-13.2.1-1.1/arm-none-eabi/include/sys/_stdint.h
 360              		.file 4 "Core/Inc/..\\..\\CMSIS\\Devices\\STM32F4xx\\Inc\\STM32F429xx\\stm32f429xx.h"
 361              		.file 5 "Core/Inc/it_handlers.h"
 362              		.file 6 "Core/Inc/init.h"
ARM GAS  C:\Users\Rusla\AppData\Local\Temp\ccqtJMBh.s 			page 9


DEFINED SYMBOLS
                            *ABS*:00000000 it_handlers.c
C:\Users\Rusla\AppData\Local\Temp\ccqtJMBh.s:21     .text.EXTI0_IRQHandler:00000000 $t
C:\Users\Rusla\AppData\Local\Temp\ccqtJMBh.s:27     .text.EXTI0_IRQHandler:00000000 EXTI0_IRQHandler
C:\Users\Rusla\AppData\Local\Temp\ccqtJMBh.s:77     .text.EXTI0_IRQHandler:00000030 $d
C:\Users\Rusla\AppData\Local\Temp\ccqtJMBh.s:322    .bss.g_btnDebounceActive:00000000 g_btnDebounceActive
C:\Users\Rusla\AppData\Local\Temp\ccqtJMBh.s:354    .bss.MSTicks:00000000 MSTicks
C:\Users\Rusla\AppData\Local\Temp\ccqtJMBh.s:317    .bss.g_btnDebounceDeadline:00000000 g_btnDebounceDeadline
C:\Users\Rusla\AppData\Local\Temp\ccqtJMBh.s:85     .text.TIM2_IRQHandler:00000000 $t
C:\Users\Rusla\AppData\Local\Temp\ccqtJMBh.s:91     .text.TIM2_IRQHandler:00000000 TIM2_IRQHandler
C:\Users\Rusla\AppData\Local\Temp\ccqtJMBh.s:158    .text.TIM2_IRQHandler:00000050 $d
C:\Users\Rusla\AppData\Local\Temp\ccqtJMBh.s:335    .bss.Running:00000000 Running
C:\Users\Rusla\AppData\Local\Temp\ccqtJMBh.s:329    .bss.DebugCounter:00000000 DebugCounter
C:\Users\Rusla\AppData\Local\Temp\ccqtJMBh.s:347    .bss.CurLEDI:00000000 CurLEDI
C:\Users\Rusla\AppData\Local\Temp\ccqtJMBh.s:165    .text.SysTick_Handler:00000000 $t
C:\Users\Rusla\AppData\Local\Temp\ccqtJMBh.s:171    .text.SysTick_Handler:00000000 SysTick_Handler
C:\Users\Rusla\AppData\Local\Temp\ccqtJMBh.s:302    .text.SysTick_Handler:0000009c $d
C:\Users\Rusla\AppData\Local\Temp\ccqtJMBh.s:341    .bss.SpeedI:00000000 SpeedI
C:\Users\Rusla\AppData\Local\Temp\ccqtJMBh.s:314    .bss.g_btnDebounceDeadline:00000000 $d
C:\Users\Rusla\AppData\Local\Temp\ccqtJMBh.s:323    .bss.g_btnDebounceActive:00000000 $d
C:\Users\Rusla\AppData\Local\Temp\ccqtJMBh.s:326    .bss.DebugCounter:00000000 $d
C:\Users\Rusla\AppData\Local\Temp\ccqtJMBh.s:336    .bss.Running:00000000 $d
C:\Users\Rusla\AppData\Local\Temp\ccqtJMBh.s:342    .bss.SpeedI:00000000 $d
C:\Users\Rusla\AppData\Local\Temp\ccqtJMBh.s:348    .bss.CurLEDI:00000000 $d
C:\Users\Rusla\AppData\Local\Temp\ccqtJMBh.s:351    .bss.MSTicks:00000000 $d

UNDEFINED SYMBOLS
OFF_LEDs
LED_OnIndex
UpdFreqTIM2
