ARM GAS  C:\Users\Rusla\AppData\Local\Temp\cc2p22op.s 			page 1


   1              		.cpu cortex-m4
   2              		.arch armv7e-m
   3              		.fpu fpv4-sp-d16
   4              		.eabi_attribute 27, 1
   5              		.eabi_attribute 28, 1
   6              		.eabi_attribute 20, 1
   7              		.eabi_attribute 21, 1
   8              		.eabi_attribute 23, 3
   9              		.eabi_attribute 24, 1
  10              		.eabi_attribute 25, 1
  11              		.eabi_attribute 26, 1
  12              		.eabi_attribute 30, 1
  13              		.eabi_attribute 34, 1
  14              		.eabi_attribute 18, 4
  15              		.file	"init.c"
  16              		.text
  17              	.Ltext0:
  18              		.cfi_sections	.debug_frame
  19              		.file 1 "Core/Src/init.c"
  20              		.section	.text.GPIO_Ini,"ax",%progbits
  21              		.align	1
  22              		.global	GPIO_Ini
  23              		.syntax unified
  24              		.thumb
  25              		.thumb_func
  27              	GPIO_Ini:
  28              	.LFB0:
   1:Core/Src/init.c **** #include "../Inc/init.h"
   2:Core/Src/init.c **** 
   3:Core/Src/init.c **** void GPIO_Ini(void){
  29              		.loc 1 3 20 view -0
  30              		.cfi_startproc
  31              		@ args = 0, pretend = 0, frame = 0
  32              		@ frame_needed = 0, uses_anonymous_args = 0
  33              		@ link register save eliminated.
   4:Core/Src/init.c ****     *(uint32_t*)(0x40023800UL + 0x30UL) |= 0x06; //–í–∫–ª—é—á–µ–Ω–∏–µ —Ç–∞–∫—Ç–∏—Ä–æ–≤–∞–Ω–∏—è –ø–æ
  34              		.loc 1 4 5 view .LVU1
  35 0000 0A4A     		ldr	r2, .L2
  36 0002 D2F83038 		ldr	r3, [r2, #2096]
  37              		.loc 1 4 41 is_stmt 0 view .LVU2
  38 0006 43F00603 		orr	r3, r3, #6
  39 000a C2F83038 		str	r3, [r2, #2096]
   5:Core/Src/init.c ****     *(uint32_t*)(0x40020400UL + 0x00UL) |= 0x4000; //–ù–∞—Å—Ç—Ä–æ–π–∫–∞ —Ä–∞–±–æ—Ç—ã 7-–≥–æ –ø–∏–Ω–
  40              		.loc 1 5 5 is_stmt 1 view .LVU3
  41 000e 084B     		ldr	r3, .L2+4
  42 0010 D3F80024 		ldr	r2, [r3, #1024]
  43              		.loc 1 5 41 is_stmt 0 view .LVU4
  44 0014 42F48042 		orr	r2, r2, #16384
  45 0018 C3F80024 		str	r2, [r3, #1024]
   6:Core/Src/init.c ****     *(uint32_t*)(0x40020400UL + 0x04UL) |= 0x00; //–ù–∞—Å—Ç—Ä–æ–π–∫–∞ –Ω–∞ PushPull —Ä–∞–±–æ—Ç—É 7-
  46              		.loc 1 6 5 is_stmt 1 view .LVU5
   7:Core/Src/init.c ****     *(uint32_t*)(0x40020400UL + 0x08UL) |= 0x4000; //–ù–∞—Å—Ç—Ä–æ–π–∫–∞ —Å–∫–æ—Ä–æ—Å—Ç–∏ —Ä–∞–±–æ—Ç
  47              		.loc 1 7 5 view .LVU6
  48 001c D3F80824 		ldr	r2, [r3, #1032]
  49              		.loc 1 7 41 is_stmt 0 view .LVU7
  50 0020 42F48042 		orr	r2, r2, #16384
  51 0024 C3F80824 		str	r2, [r3, #1032]
ARM GAS  C:\Users\Rusla\AppData\Local\Temp\cc2p22op.s 			page 2


   8:Core/Src/init.c ****     *(uint32_t*)(0x40020400UL + 0x0CUL) |= 0x00; //–û—Ç–∫–ª—é—á–µ–Ω–∏–µ PU/PD —Ä–µ–∑–∏—Å—Ç–æ—Ä–æ–≤ 
  52              		.loc 1 8 5 is_stmt 1 view .LVU8
   9:Core/Src/init.c **** }...
  53              		.loc 1 9 1 is_stmt 0 view .LVU9
  54 0028 7047     		bx	lr
  55              	.L3:
  56 002a 00BF     		.align	2
  57              	.L2:
  58 002c 00300240 		.word	1073885184
  59 0030 00000240 		.word	1073872896
  60              		.cfi_endproc
  61              	.LFE0:
  63              		.text
  64              	.Letext0:
  65              		.file 2 "C:/programms/Tools/xpack-arm-none-eabi-gcc-13.2.1-1.1/arm-none-eabi/include/machine/_defa
  66              		.file 3 "C:/programms/Tools/xpack-arm-none-eabi-gcc-13.2.1-1.1/arm-none-eabi/include/sys/_stdint.h
ARM GAS  C:\Users\Rusla\AppData\Local\Temp\cc2p22op.s 			page 3


DEFINED SYMBOLS
                            *ABS*:00000000 init.c
C:\Users\Rusla\AppData\Local\Temp\cc2p22op.s:21     .text.GPIO_Ini:00000000 $t
C:\Users\Rusla\AppData\Local\Temp\cc2p22op.s:27     .text.GPIO_Ini:00000000 GPIO_Ini
C:\Users\Rusla\AppData\Local\Temp\cc2p22op.s:58     .text.GPIO_Ini:0000002c $d

NO UNDEFINED SYMBOLS
