ARM GAS  C:\Users\Rusla\AppData\Local\Temp\cczQBYWi.s 			page 1


   1              		.cpu cortex-m4
   2              		.arch armv7e-m
   3              		.fpu fpv4-sp-d16
   4              		.eabi_attribute 27, 1
   5              		.eabi_attribute 28, 1
   6              		.eabi_attribute 20, 1
   7              		.eabi_attribute 21, 1
   8              		.eabi_attribute 23, 3
   9              		.eabi_attribute 24, 1
  10              		.eabi_attribute 25, 1
  11              		.eabi_attribute 26, 1
  12              		.eabi_attribute 30, 1
  13              		.eabi_attribute 34, 1
  14              		.eabi_attribute 18, 4
  15              		.file	"main.c"
  16              		.text
  17              	.Ltext0:
  18              		.cfi_sections	.debug_frame
  19              		.file 1 "Core/Src/main.c"
  20              		.section	.text.main,"ax",%progbits
  21              		.align	1
  22              		.global	main
  23              		.syntax unified
  24              		.thumb
  25              		.thumb_func
  27              	main:
  28              	.LFB0:
   1:Core/Src/main.c **** #include <stdint.h>
   2:Core/Src/main.c **** 
   3:Core/Src/main.c **** int main(void)
   4:Core/Src/main.c **** {
  29              		.loc 1 4 1 view -0
  30              		.cfi_startproc
  31              		@ Volatile: function does not return.
  32              		@ args = 0, pretend = 0, frame = 0
  33              		@ frame_needed = 0, uses_anonymous_args = 0
  34              		@ link register save eliminated.
   5:Core/Src/main.c ****     *(uint32_t*)(0x40023800UL + 0x30UL) |= 0x02UL; // –≤–∫–ª—é—á–µ–Ω–∏–µ —Ç–∞–∫—Ç–∏—Ä–æ–≤–∞–Ω–∏—è G
  35              		.loc 1 5 5 view .LVU1
  36 0000 0E4A     		ldr	r2, .L3
  37 0002 D2F83038 		ldr	r3, [r2, #2096]
  38              		.loc 1 5 41 is_stmt 0 view .LVU2
  39 0006 43F00203 		orr	r3, r3, #2
  40 000a C2F83038 		str	r3, [r2, #2096]
   6:Core/Src/main.c ****     *(uint32_t*)(0x40030400UL + 0x00UL) |= 0x4000UL; // –≤–∫–ª—é—á–µ–Ω–∏–µ —Ä–µ–∂–∏–º–∞ —Ä–∞–±–æ—Ç—
  41              		.loc 1 6 5 is_stmt 1 view .LVU3
  42 000e 02F55042 		add	r2, r2, #53248
  43 0012 D2F80034 		ldr	r3, [r2, #1024]
  44              		.loc 1 6 41 is_stmt 0 view .LVU4
  45 0016 43F48043 		orr	r3, r3, #16384
  46 001a C2F80034 		str	r3, [r2, #1024]
   7:Core/Src/main.c ****     *(uint32_t*)(0x40020400UL + 0x04UL) |= 0x00UL; // –∑–∞–Ω—É–ª–µ–Ω–∏–µ —Ä–µ–∂–∏–º–æ–≤ —Ä–∞–±–æ—Ç—
  47              		.loc 1 7 5 is_stmt 1 view .LVU5
   8:Core/Src/main.c ****     *(uint32_t*)(0x40020400UL + 0x08UL) |= 0x4000UL; // –Ω–∞—Å—Ç—Ä–æ–π–∫–∞ —Ä–µ–≥–∏—Å—Ç—Ä–∞ OSPEED 
  48              		.loc 1 8 5 view .LVU6
  49 001e 084B     		ldr	r3, .L3+4
  50 0020 D3F80824 		ldr	r2, [r3, #1032]
ARM GAS  C:\Users\Rusla\AppData\Local\Temp\cczQBYWi.s 			page 2


  51              		.loc 1 8 41 is_stmt 0 view .LVU7
  52 0024 42F48042 		orr	r2, r2, #16384
  53 0028 C3F80824 		str	r2, [r3, #1032]
   9:Core/Src/main.c ****     *(uint32_t*)(0x40020400UL + 0x18UL) |= 0x80UL; // –í–∫–ª—é—á–∞–µ—Ç —Å–≤–µ—Ç–æ–¥–∏–æ–¥, BSSR
  54              		.loc 1 9 5 is_stmt 1 view .LVU8
  55 002c D3F81824 		ldr	r2, [r3, #1048]
  56              		.loc 1 9 41 is_stmt 0 view .LVU9
  57 0030 42F08002 		orr	r2, r2, #128
  58 0034 C3F81824 		str	r2, [r3, #1048]
  59              	.L2:
  10:Core/Src/main.c **** 
  11:Core/Src/main.c ****     while (1){}
  60              		.loc 1 11 5 is_stmt 1 view .LVU10
  61              		.loc 1 11 15 view .LVU11
  62              		.loc 1 11 11 view .LVU12
  63 0038 FEE7     		b	.L2
  64              	.L4:
  65 003a 00BF     		.align	2
  66              	.L3:
  67 003c 00300240 		.word	1073885184
  68 0040 00000240 		.word	1073872896
  69              		.cfi_endproc
  70              	.LFE0:
  72              		.text
  73              	.Letext0:
  74              		.file 2 "C:/programms/Tools/xpack-arm-none-eabi-gcc-13.2.1-1.1/arm-none-eabi/include/machine/_defa
  75              		.file 3 "C:/programms/Tools/xpack-arm-none-eabi-gcc-13.2.1-1.1/arm-none-eabi/include/sys/_stdint.h
ARM GAS  C:\Users\Rusla\AppData\Local\Temp\cczQBYWi.s 			page 3


DEFINED SYMBOLS
                            *ABS*:00000000 main.c
C:\Users\Rusla\AppData\Local\Temp\cczQBYWi.s:21     .text.main:00000000 $t
C:\Users\Rusla\AppData\Local\Temp\cczQBYWi.s:27     .text.main:00000000 main
C:\Users\Rusla\AppData\Local\Temp\cczQBYWi.s:67     .text.main:0000003c $d

NO UNDEFINED SYMBOLS
